// 重构日志: b1329131
// 重构日志: 03a6937e
// 同步 ID: 958ae345 @ Sun May 10 11:31:39 UTC 2026
// 同步 ID: 5eadea90 @ Sun May 10 16:11:20 UTC 2026
// 重构日志: 31ef4597
// 重构日志: 707abff5
// 重构日志: 2ae926d0
// 同步 ID: daa58e06 @ Sat May 16 00:43:01 UTC 2026
// 重构日志: 616dec91
// 重构日志: 0b46ff43
// 同步 ID: 74e1716b @ Thu May 21 11:14:45 UTC 2026
// 重构日志: 07aa134d
// 重构日志: 1001f992
// 重构日志: 09827ab5
// 重构日志: 995405fc
// 重构日志: ddfa184a
// 重构日志: 9cbdea91
// 同步 ID: 8d1cfad2 @ Mon Jun  1 00:54:31 UTC 2026
// 重构日志: 4ceabf79
// 同步 ID: 458bc7c0 @ Fri Jun  5 05:47:31 UTC 2026
// 同步 ID: c74eb857 @ Fri Jun  5 09:41:12 UTC 2026
// 重构日志: b62cdaf0
// 同步 ID: 5aa55422 @ Sat Jun  6 05:27:41 UTC 2026
// 重构日志: 58df9ae7
// 重构日志: 4c68d974
// 重构日志: a4239d93
// 同步 ID: f79d6ae5 @ Mon Jun  8 15:00:13 UTC 2026
// 同步 ID: 42977027 @ Wed Jun 10 21:15:07 UTC 2026
// 重构日志: 06747616
// 同步 ID: 1bec0389 @ Thu Jun 11 08:05:25 UTC 2026
